{"/Users/estevamfurtado/Desktop/DRIVEN/projeto21-singmeasong/back-end/src/app.ts": {"path":"/Users/estevamfurtado/Desktop/DRIVEN/projeto21-singmeasong/back-end/src/app.ts","statementMap":{"0":{"start":{"line":8,"column":12},"end":{"line":8,"column":21}},"1":{"start":{"line":9,"column":0},"end":{"line":9,"column":16}},"2":{"start":{"line":10,"column":0},"end":{"line":10,"column":24}},"3":{"start":{"line":12,"column":0},"end":{"line":12,"column":50}},"4":{"start":{"line":14,"column":0},"end":{"line":17,"column":null}},"5":{"start":{"line":15,"column":4},"end":{"line":15,"column":null}},"6":{"start":{"line":16,"column":1},"end":{"line":16,"column":31}},"7":{"start":{"line":19,"column":0},"end":{"line":19,"column":32}}},"fnMap":{},"branchMap":{"0":{"loc":{"start":{"line":14,"column":0},"end":{"line":17,"column":null}},"type":"if","locations":[{"start":{"line":14,"column":0},"end":{"line":17,"column":null}}]}},"s":{"0":1,"1":1,"2":1,"3":1,"4":1,"5":1,"6":1,"7":1},"f":{},"b":{"0":[1]}}
,"/Users/estevamfurtado/Desktop/DRIVEN/projeto21-singmeasong/back-end/src/database.ts": {"path":"/Users/estevamfurtado/Desktop/DRIVEN/projeto21-singmeasong/back-end/src/database.ts","statementMap":{"0":{"start":{"line":3,"column":25},"end":{"line":3,"column":28}},"1":{"start":{"line":5,"column":22},"end":{"line":5,"column":40}}},"fnMap":{},"branchMap":{},"s":{"0":2,"1":2},"f":{},"b":{}}
,"/Users/estevamfurtado/Desktop/DRIVEN/projeto21-singmeasong/back-end/src/controllers/recommendationController.ts": {"path":"/Users/estevamfurtado/Desktop/DRIVEN/projeto21-singmeasong/back-end/src/controllers/recommendationController.ts","statementMap":{"0":{"start":{"line":7,"column":21},"end":{"line":7,"column":60}},"1":{"start":{"line":8,"column":2},"end":{"line":10,"column":null}},"2":{"start":{"line":9,"column":4},"end":{"line":9,"column":29}},"3":{"start":{"line":12,"column":2},"end":{"line":12,"column":47}},"4":{"start":{"line":14,"column":2},"end":{"line":14,"column":22}},"5":{"start":{"line":18,"column":17},"end":{"line":18,"column":27}},"6":{"start":{"line":20,"column":2},"end":{"line":20,"column":42}},"7":{"start":{"line":22,"column":2},"end":{"line":22,"column":22}},"8":{"start":{"line":26,"column":17},"end":{"line":26,"column":27}},"9":{"start":{"line":28,"column":2},"end":{"line":28,"column":44}},"10":{"start":{"line":30,"column":2},"end":{"line":30,"column":22}},"11":{"start":{"line":34,"column":31},"end":{"line":34,"column":70}},"12":{"start":{"line":36,"column":2},"end":{"line":36,"column":33}},"13":{"start":{"line":40,"column":26},"end":{"line":40,"column":59}},"14":{"start":{"line":41,"column":2},"end":{"line":41,"column":28}},"15":{"start":{"line":45,"column":21},"end":{"line":45,"column":31}},"16":{"start":{"line":47,"column":26},"end":{"line":47,"column":69}},"17":{"start":{"line":48,"column":2},"end":{"line":48,"column":28}},"18":{"start":{"line":52,"column":17},"end":{"line":52,"column":27}},"19":{"start":{"line":54,"column":25},"end":{"line":54,"column":65}},"20":{"start":{"line":55,"column":2},"end":{"line":55,"column":27}},"21":{"start":{"line":60,"column":2},"end":{"line":60,"column":null}},"22":{"start":{"line":61,"column":2},"end":{"line":61,"column":38}},"23":{"start":{"line":62,"column":2},"end":{"line":62,"column":null}},"24":{"start":{"line":64,"column":2},"end":{"line":64,"column":22}},"25":{"start":{"line":67,"column":40},"end":{"line":76,"column":2}}},"fnMap":{"0":{"name":"insert","decl":{"start":{"line":6,"column":15},"end":{"line":6,"column":21}},"loc":{"start":{"line":6,"column":49},"end":{"line":15,"column":null}}},"1":{"name":"upvote","decl":{"start":{"line":17,"column":15},"end":{"line":17,"column":21}},"loc":{"start":{"line":17,"column":49},"end":{"line":23,"column":null}}},"2":{"name":"downvote","decl":{"start":{"line":25,"column":15},"end":{"line":25,"column":23}},"loc":{"start":{"line":25,"column":51},"end":{"line":31,"column":null}}},"3":{"name":"random","decl":{"start":{"line":33,"column":15},"end":{"line":33,"column":21}},"loc":{"start":{"line":33,"column":49},"end":{"line":37,"column":null}}},"4":{"name":"get","decl":{"start":{"line":39,"column":15},"end":{"line":39,"column":18}},"loc":{"start":{"line":39,"column":46},"end":{"line":42,"column":null}}},"5":{"name":"getTop","decl":{"start":{"line":44,"column":15},"end":{"line":44,"column":21}},"loc":{"start":{"line":44,"column":49},"end":{"line":49,"column":null}}},"6":{"name":"getById","decl":{"start":{"line":51,"column":15},"end":{"line":51,"column":22}},"loc":{"start":{"line":51,"column":50},"end":{"line":56,"column":null}}},"7":{"name":"reset","decl":{"start":{"line":58,"column":15},"end":{"line":58,"column":20}},"loc":{"start":{"line":58,"column":48},"end":{"line":65,"column":null}}}},"branchMap":{"0":{"loc":{"start":{"line":8,"column":2},"end":{"line":10,"column":null}},"type":"if","locations":[{"start":{"line":8,"column":2},"end":{"line":10,"column":null}}]}},"s":{"0":3,"1":3,"2":1,"3":2,"4":1,"5":2,"6":2,"7":1,"8":3,"9":3,"10":2,"11":2,"12":1,"13":1,"14":1,"15":2,"16":2,"17":2,"18":2,"19":2,"20":1,"21":0,"22":0,"23":0,"24":0,"25":1},"f":{"0":3,"1":2,"2":3,"3":2,"4":1,"5":2,"6":2,"7":0},"b":{"0":[1]}}
,"/Users/estevamfurtado/Desktop/DRIVEN/projeto21-singmeasong/back-end/src/middlewares/errorHandlerMiddleware.ts": {"path":"/Users/estevamfurtado/Desktop/DRIVEN/projeto21-singmeasong/back-end/src/middlewares/errorHandlerMiddleware.ts","statementMap":{"0":{"start":{"line":14,"column":2},"end":{"line":14,"column":19}},"1":{"start":{"line":16,"column":2},"end":{"line":18,"column":null}},"2":{"start":{"line":17,"column":4},"end":{"line":17,"column":73}},"3":{"start":{"line":20,"column":2},"end":{"line":20,"column":29}}},"fnMap":{"0":{"name":"errorHandlerMiddleware","decl":{"start":{"line":8,"column":16},"end":{"line":8,"column":38}},"loc":{"start":{"line":12,"column":20},"end":{"line":21,"column":1}}}},"branchMap":{"0":{"loc":{"start":{"line":16,"column":2},"end":{"line":18,"column":null}},"type":"if","locations":[{"start":{"line":16,"column":2},"end":{"line":18,"column":null}}]}},"s":{"0":6,"1":6,"2":6,"3":0},"f":{"0":6},"b":{"0":[6]}}
,"/Users/estevamfurtado/Desktop/DRIVEN/projeto21-singmeasong/back-end/src/repositories/recommendationRepository.ts": {"path":"/Users/estevamfurtado/Desktop/DRIVEN/projeto21-singmeasong/back-end/src/repositories/recommendationRepository.ts","statementMap":{"0":{"start":{"line":7,"column":2},"end":{"line":9,"column":5}},"1":{"start":{"line":19,"column":17},"end":{"line":19,"column":47}},"2":{"start":{"line":21,"column":2},"end":{"line":25,"column":5}},"3":{"start":{"line":30,"column":2},"end":{"line":33,"column":5}},"4":{"start":{"line":38,"column":2},"end":{"line":38,"column":31}},"5":{"start":{"line":38,"column":21},"end":{"line":38,"column":31}},"6":{"start":{"line":40,"column":33},"end":{"line":40,"column":45}},"7":{"start":{"line":42,"column":2},"end":{"line":44,"column":4}},"8":{"start":{"line":49,"column":2},"end":{"line":51,"column":5}},"9":{"start":{"line":56,"column":2},"end":{"line":58,"column":5}},"10":{"start":{"line":63,"column":2},"end":{"line":68,"column":5}},"11":{"start":{"line":73,"column":2},"end":{"line":75,"column":5}},"12":{"start":{"line":80,"column":2},"end":{"line":80,"column":45}},"13":{"start":{"line":83,"column":40},"end":{"line":92,"column":2}}},"fnMap":{"0":{"name":"create","decl":{"start":{"line":5,"column":15},"end":{"line":5,"column":21}},"loc":{"start":{"line":5,"column":72},"end":{"line":10,"column":null}}},"1":{"name":"findAll","decl":{"start":{"line":17,"column":9},"end":{"line":17,"column":16}},"loc":{"start":{"line":17,"column":44},"end":{"line":26,"column":1}}},"2":{"name":"getAmountByScore","decl":{"start":{"line":28,"column":9},"end":{"line":28,"column":25}},"loc":{"start":{"line":28,"column":38},"end":{"line":34,"column":1}}},"3":{"name":"getFindAllFilter","decl":{"start":{"line":36,"column":9},"end":{"line":36,"column":25}},"loc":{"start":{"line":36,"column":53},"end":{"line":45,"column":1}}},"4":{"name":"find","decl":{"start":{"line":47,"column":9},"end":{"line":47,"column":13}},"loc":{"start":{"line":47,"column":24},"end":{"line":52,"column":1}}},"5":{"name":"findByName","decl":{"start":{"line":54,"column":9},"end":{"line":54,"column":19}},"loc":{"start":{"line":54,"column":32},"end":{"line":59,"column":1}}},"6":{"name":"updateScore","decl":{"start":{"line":61,"column":15},"end":{"line":61,"column":26}},"loc":{"start":{"line":61,"column":75},"end":{"line":69,"column":null}}},"7":{"name":"remove","decl":{"start":{"line":71,"column":15},"end":{"line":71,"column":21}},"loc":{"start":{"line":71,"column":32},"end":{"line":76,"column":null}}},"8":{"name":"reset","decl":{"start":{"line":78,"column":15},"end":{"line":78,"column":20}},"loc":{"start":{"line":78,"column":20},"end":{"line":81,"column":null}}}},"branchMap":{"0":{"loc":{"start":{"line":38,"column":2},"end":{"line":38,"column":31}},"type":"if","locations":[{"start":{"line":38,"column":2},"end":{"line":38,"column":31}}]}},"s":{"0":1,"1":5,"2":5,"3":2,"4":5,"5":3,"6":2,"7":2,"8":7,"9":2,"10":3,"11":1,"12":0,"13":2},"f":{"0":1,"1":5,"2":2,"3":5,"4":7,"5":2,"6":3,"7":1,"8":0},"b":{"0":[3]}}
,"/Users/estevamfurtado/Desktop/DRIVEN/projeto21-singmeasong/back-end/src/routers/recommendationRouter.ts": {"path":"/Users/estevamfurtado/Desktop/DRIVEN/projeto21-singmeasong/back-end/src/routers/recommendationRouter.ts","statementMap":{"0":{"start":{"line":4,"column":29},"end":{"line":4,"column":37}},"1":{"start":{"line":6,"column":0},"end":{"line":6,"column":64}},"2":{"start":{"line":7,"column":0},"end":{"line":7,"column":60}},"3":{"start":{"line":8,"column":0},"end":{"line":8,"column":69}},"4":{"start":{"line":9,"column":0},"end":{"line":9,"column":74}},"5":{"start":{"line":10,"column":0},"end":{"line":10,"column":67}},"6":{"start":{"line":11,"column":0},"end":{"line":11,"column":74}},"7":{"start":{"line":12,"column":0},"end":{"line":12,"column":78}}},"fnMap":{},"branchMap":{},"s":{"0":1,"1":1,"2":1,"3":1,"4":1,"5":1,"6":1,"7":1},"f":{},"b":{}}
,"/Users/estevamfurtado/Desktop/DRIVEN/projeto21-singmeasong/back-end/src/routers/testRouter.ts": {"path":"/Users/estevamfurtado/Desktop/DRIVEN/projeto21-singmeasong/back-end/src/routers/testRouter.ts","statementMap":{"0":{"start":{"line":5,"column":19},"end":{"line":5,"column":27}},"1":{"start":{"line":7,"column":0},"end":{"line":7,"column":58}}},"fnMap":{},"branchMap":{},"s":{"0":1,"1":1},"f":{},"b":{}}
,"/Users/estevamfurtado/Desktop/DRIVEN/projeto21-singmeasong/back-end/src/schemas/recommendationsSchemas.ts": {"path":"/Users/estevamfurtado/Desktop/DRIVEN/projeto21-singmeasong/back-end/src/schemas/recommendationsSchemas.ts","statementMap":{"0":{"start":{"line":4,"column":25},"end":{"line":4,"column":78}},"1":{"start":{"line":6,"column":36},"end":{"line":9,"column":2}}},"fnMap":{},"branchMap":{},"s":{"0":1,"1":1},"f":{},"b":{}}
,"/Users/estevamfurtado/Desktop/DRIVEN/projeto21-singmeasong/back-end/src/services/recommendationsService.ts": {"path":"/Users/estevamfurtado/Desktop/DRIVEN/projeto21-singmeasong/back-end/src/services/recommendationsService.ts","statementMap":{"0":{"start":{"line":8,"column":33},"end":{"line":9,"column":null}},"1":{"start":{"line":11,"column":2},"end":{"line":12,"column":64}},"2":{"start":{"line":12,"column":4},"end":{"line":12,"column":64}},"3":{"start":{"line":14,"column":2},"end":{"line":14,"column":66}},"4":{"start":{"line":18,"column":2},"end":{"line":18,"column":26}},"5":{"start":{"line":19,"column":2},"end":{"line":19,"column":62}},"6":{"start":{"line":23,"column":2},"end":{"line":23,"column":26}},"7":{"start":{"line":24,"column":32},"end":{"line":26,"column":null}},"8":{"start":{"line":28,"column":2},"end":{"line":30,"column":null}},"9":{"start":{"line":29,"column":4},"end":{"line":29,"column":46}},"10":{"start":{"line":34,"column":25},"end":{"line":34,"column":64}},"11":{"start":{"line":35,"column":2},"end":{"line":35,"column":45}},"12":{"start":{"line":35,"column":23},"end":{"line":35,"column":45}},"13":{"start":{"line":36,"column":2},"end":{"line":36,"column":24}},"14":{"start":{"line":40,"column":2},"end":{"line":40,"column":44}},"15":{"start":{"line":44,"column":2},"end":{"line":44,"column":59}},"16":{"start":{"line":48,"column":17},"end":{"line":48,"column":30}},"17":{"start":{"line":49,"column":22},"end":{"line":49,"column":44}},"18":{"start":{"line":51,"column":26},"end":{"line":51,"column":55}},"19":{"start":{"line":52,"column":2},"end":{"line":54,"column":null}},"20":{"start":{"line":53,"column":4},"end":{"line":53,"column":26}},"21":{"start":{"line":56,"column":22},"end":{"line":56,"column":72}},"22":{"start":{"line":57,"column":2},"end":{"line":57,"column":38}},"23":{"start":{"line":61,"column":26},"end":{"line":64,"column":4}},"24":{"start":{"line":66,"column":29},"end":{"line":66,"column":69}},"25":{"start":{"line":68,"column":2},"end":{"line":73,"column":null}},"26":{"start":{"line":69,"column":4},"end":{"line":69,"column":27}},"27":{"start":{"line":72,"column":4},"end":{"line":72,"column":30}},"28":{"start":{"line":77,"column":2},"end":{"line":79,"column":null}},"29":{"start":{"line":78,"column":4},"end":{"line":78,"column":16}},"30":{"start":{"line":80,"column":2},"end":{"line":80,"column":15}},"31":{"start":{"line":84,"column":2},"end":{"line":84,"column":41}},"32":{"start":{"line":87,"column":37},"end":{"line":96,"column":2}}},"fnMap":{"0":{"name":"insert","decl":{"start":{"line":7,"column":15},"end":{"line":7,"column":21}},"loc":{"start":{"line":7,"column":72},"end":{"line":15,"column":null}}},"1":{"name":"upvote","decl":{"start":{"line":17,"column":15},"end":{"line":17,"column":21}},"loc":{"start":{"line":17,"column":32},"end":{"line":20,"column":null}}},"2":{"name":"downvote","decl":{"start":{"line":22,"column":15},"end":{"line":22,"column":23}},"loc":{"start":{"line":22,"column":34},"end":{"line":31,"column":null}}},"3":{"name":"getByIdOrFail","decl":{"start":{"line":33,"column":15},"end":{"line":33,"column":28}},"loc":{"start":{"line":33,"column":39},"end":{"line":37,"column":null}}},"4":{"name":"get","decl":{"start":{"line":39,"column":15},"end":{"line":39,"column":18}},"loc":{"start":{"line":39,"column":18},"end":{"line":41,"column":null}}},"5":{"name":"getTop","decl":{"start":{"line":43,"column":15},"end":{"line":43,"column":21}},"loc":{"start":{"line":43,"column":36},"end":{"line":45,"column":null}}},"6":{"name":"getRandom","decl":{"start":{"line":47,"column":15},"end":{"line":47,"column":24}},"loc":{"start":{"line":47,"column":24},"end":{"line":58,"column":null}}},"7":{"name":"getByScore","decl":{"start":{"line":60,"column":15},"end":{"line":60,"column":25}},"loc":{"start":{"line":60,"column":51},"end":{"line":74,"column":null}}},"8":{"name":"getScoreFilter","decl":{"start":{"line":76,"column":9},"end":{"line":76,"column":23}},"loc":{"start":{"line":76,"column":38},"end":{"line":81,"column":1}}},"9":{"name":"reset","decl":{"start":{"line":83,"column":15},"end":{"line":83,"column":20}},"loc":{"start":{"line":83,"column":20},"end":{"line":85,"column":null}}}},"branchMap":{"0":{"loc":{"start":{"line":11,"column":2},"end":{"line":12,"column":64}},"type":"if","locations":[{"start":{"line":11,"column":2},"end":{"line":12,"column":64}}]},"1":{"loc":{"start":{"line":28,"column":2},"end":{"line":30,"column":null}},"type":"if","locations":[{"start":{"line":28,"column":2},"end":{"line":30,"column":null}}]},"2":{"loc":{"start":{"line":35,"column":2},"end":{"line":35,"column":45}},"type":"if","locations":[{"start":{"line":35,"column":2},"end":{"line":35,"column":45}}]},"3":{"loc":{"start":{"line":52,"column":2},"end":{"line":54,"column":null}},"type":"if","locations":[{"start":{"line":52,"column":2},"end":{"line":54,"column":null}}]},"4":{"loc":{"start":{"line":68,"column":2},"end":{"line":73,"column":null}},"type":"if","locations":[{"start":{"line":68,"column":2},"end":{"line":73,"column":null}},{"start":{"line":71,"column":7},"end":{"line":73,"column":null}}]},"5":{"loc":{"start":{"line":77,"column":2},"end":{"line":79,"column":null}},"type":"if","locations":[{"start":{"line":77,"column":2},"end":{"line":79,"column":null}}]}},"s":{"0":4,"1":4,"2":2,"3":2,"4":4,"5":2,"6":6,"7":4,"8":4,"9":2,"10":14,"11":14,"12":6,"13":8,"14":2,"15":4,"16":7,"17":7,"18":7,"19":7,"20":2,"21":5,"22":5,"23":7,"24":7,"25":7,"26":3,"27":4,"28":7,"29":3,"30":4,"31":1,"32":2},"f":{"0":4,"1":4,"2":6,"3":14,"4":2,"5":4,"6":7,"7":7,"8":7,"9":1},"b":{"0":[2],"1":[2],"2":[6],"3":[2],"4":[3,4],"5":[3]}}
,"/Users/estevamfurtado/Desktop/DRIVEN/projeto21-singmeasong/back-end/src/utils/errorUtils.ts": {"path":"/Users/estevamfurtado/Desktop/DRIVEN/projeto21-singmeasong/back-end/src/utils/errorUtils.ts","statementMap":{"0":{"start":{"line":8,"column":2},"end":{"line":8,"column":48}},"1":{"start":{"line":12,"column":2},"end":{"line":12,"column":38}},"2":{"start":{"line":12,"column":27},"end":{"line":12,"column":38}},"3":{"start":{"line":13,"column":2},"end":{"line":13,"column":39}},"4":{"start":{"line":13,"column":28},"end":{"line":13,"column":39}},"5":{"start":{"line":14,"column":2},"end":{"line":14,"column":42}},"6":{"start":{"line":14,"column":31},"end":{"line":14,"column":42}},"7":{"start":{"line":15,"column":2},"end":{"line":15,"column":42}},"8":{"start":{"line":15,"column":31},"end":{"line":15,"column":42}},"9":{"start":{"line":16,"column":2},"end":{"line":16,"column":13}},"10":{"start":{"line":20,"column":2},"end":{"line":20,"column":54}},"11":{"start":{"line":24,"column":2},"end":{"line":24,"column":55}},"12":{"start":{"line":28,"column":2},"end":{"line":28,"column":58}},"13":{"start":{"line":32,"column":2},"end":{"line":32,"column":58}}},"fnMap":{"0":{"name":"isAppError","decl":{"start":{"line":7,"column":16},"end":{"line":7,"column":26}},"loc":{"start":{"line":7,"column":40},"end":{"line":9,"column":1}}},"1":{"name":"errorTypeToStatusCode","decl":{"start":{"line":11,"column":16},"end":{"line":11,"column":37}},"loc":{"start":{"line":11,"column":57},"end":{"line":17,"column":1}}},"2":{"name":"conflictError","decl":{"start":{"line":19,"column":16},"end":{"line":19,"column":29}},"loc":{"start":{"line":19,"column":46},"end":{"line":21,"column":1}}},"3":{"name":"notFoundError","decl":{"start":{"line":23,"column":16},"end":{"line":23,"column":29}},"loc":{"start":{"line":23,"column":46},"end":{"line":25,"column":1}}},"4":{"name":"unauthorizedError","decl":{"start":{"line":27,"column":16},"end":{"line":27,"column":33}},"loc":{"start":{"line":27,"column":50},"end":{"line":29,"column":1}}},"5":{"name":"wrongSchemaError","decl":{"start":{"line":31,"column":16},"end":{"line":31,"column":32}},"loc":{"start":{"line":31,"column":49},"end":{"line":33,"column":1}}}},"branchMap":{"0":{"loc":{"start":{"line":12,"column":2},"end":{"line":12,"column":38}},"type":"if","locations":[{"start":{"line":12,"column":2},"end":{"line":12,"column":38}}]},"1":{"loc":{"start":{"line":13,"column":2},"end":{"line":13,"column":39}},"type":"if","locations":[{"start":{"line":13,"column":2},"end":{"line":13,"column":39}}]},"2":{"loc":{"start":{"line":14,"column":2},"end":{"line":14,"column":42}},"type":"if","locations":[{"start":{"line":14,"column":2},"end":{"line":14,"column":42}}]},"3":{"loc":{"start":{"line":15,"column":2},"end":{"line":15,"column":42}},"type":"if","locations":[{"start":{"line":15,"column":2},"end":{"line":15,"column":42}}]},"4":{"loc":{"start":{"line":20,"column":38},"end":{"line":20,"column":51}},"type":"cond-expr","locations":[{"start":{"line":20,"column":38},"end":{"line":20,"column":45}},{"start":{"line":20,"column":49},"end":{"line":20,"column":51}}]},"5":{"loc":{"start":{"line":20,"column":38},"end":{"line":20,"column":49}},"type":"binary-expr","locations":[{"start":{"line":20,"column":38},"end":{"line":20,"column":49}},{"start":{"line":20,"column":38},"end":{"line":20,"column":49}}]},"6":{"loc":{"start":{"line":24,"column":39},"end":{"line":24,"column":52}},"type":"cond-expr","locations":[{"start":{"line":24,"column":39},"end":{"line":24,"column":46}},{"start":{"line":24,"column":50},"end":{"line":24,"column":52}}]},"7":{"loc":{"start":{"line":24,"column":39},"end":{"line":24,"column":50}},"type":"binary-expr","locations":[{"start":{"line":24,"column":39},"end":{"line":24,"column":50}},{"start":{"line":24,"column":39},"end":{"line":24,"column":50}}]},"8":{"loc":{"start":{"line":28,"column":42},"end":{"line":28,"column":55}},"type":"cond-expr","locations":[{"start":{"line":28,"column":42},"end":{"line":28,"column":49}},{"start":{"line":28,"column":53},"end":{"line":28,"column":55}}]},"9":{"loc":{"start":{"line":28,"column":42},"end":{"line":28,"column":53}},"type":"binary-expr","locations":[{"start":{"line":28,"column":42},"end":{"line":28,"column":53}},{"start":{"line":28,"column":42},"end":{"line":28,"column":53}}]},"10":{"loc":{"start":{"line":32,"column":42},"end":{"line":32,"column":55}},"type":"cond-expr","locations":[{"start":{"line":32,"column":42},"end":{"line":32,"column":49}},{"start":{"line":32,"column":53},"end":{"line":32,"column":55}}]},"11":{"loc":{"start":{"line":32,"column":42},"end":{"line":32,"column":53}},"type":"binary-expr","locations":[{"start":{"line":32,"column":42},"end":{"line":32,"column":53}},{"start":{"line":32,"column":42},"end":{"line":32,"column":53}}]}},"s":{"0":6,"1":6,"2":1,"3":5,"4":4,"5":1,"6":0,"7":1,"8":1,"9":0,"10":3,"11":12,"12":0,"13":1},"f":{"0":6,"1":6,"2":3,"3":12,"4":0,"5":1},"b":{"0":[1],"1":[4],"2":[0],"3":[1],"4":[3,0],"5":[3,3],"6":[0,12],"7":[12,12],"8":[0,0],"9":[0,0],"10":[0,1],"11":[1,1]}}
,"/Users/estevamfurtado/Desktop/DRIVEN/projeto21-singmeasong/back-end/tests/factories/recomendations.factory.ts": {"path":"/Users/estevamfurtado/Desktop/DRIVEN/projeto21-singmeasong/back-end/tests/factories/recomendations.factory.ts","statementMap":{"0":{"start":{"line":7,"column":4},"end":{"line":7,"column":47}},"1":{"start":{"line":11,"column":4},"end":{"line":14,"column":null}},"2":{"start":{"line":18,"column":24},"end":{"line":18,"column":50}},"3":{"start":{"line":19,"column":4},"end":{"line":21,"column":null}},"4":{"start":{"line":27,"column":31},"end":{"line":27,"column":57}},"5":{"start":{"line":29,"column":20},"end":{"line":31,"column":6}},"6":{"start":{"line":33,"column":4},"end":{"line":33,"column":19}},"7":{"start":{"line":37,"column":4},"end":{"line":39,"column":null}},"8":{"start":{"line":37,"column":17},"end":{"line":37,"column":18}},"9":{"start":{"line":38,"column":8},"end":{"line":38,"column":51}},"10":{"start":{"line":45,"column":17},"end":{"line":45,"column":19}},"11":{"start":{"line":46,"column":4},"end":{"line":49,"column":null}},"12":{"start":{"line":46,"column":17},"end":{"line":46,"column":18}},"13":{"start":{"line":47,"column":20},"end":{"line":47,"column":33}},"14":{"start":{"line":48,"column":8},"end":{"line":48,"column":52}},"15":{"start":{"line":51,"column":4},"end":{"line":51,"column":16}},"16":{"start":{"line":56,"column":27},"end":{"line":58,"column":6}},"17":{"start":{"line":59,"column":4},"end":{"line":59,"column":26}},"18":{"start":{"line":63,"column":31},"end":{"line":70,"column":2}}},"fnMap":{"0":{"name":"randomScore","decl":{"start":{"line":6,"column":9},"end":{"line":6,"column":20}},"loc":{"start":{"line":6,"column":20},"end":{"line":8,"column":1}}},"1":{"name":"createRecommendationBody","decl":{"start":{"line":10,"column":9},"end":{"line":10,"column":33}},"loc":{"start":{"line":10,"column":33},"end":{"line":15,"column":1}}},"2":{"name":"createRecommendation","decl":{"start":{"line":17,"column":9},"end":{"line":17,"column":29}},"loc":{"start":{"line":17,"column":55},"end":{"line":23,"column":1}}},"3":{"name":"saveNewRecommendation","decl":{"start":{"line":25,"column":15},"end":{"line":25,"column":36}},"loc":{"start":{"line":25,"column":57},"end":{"line":34,"column":null}}},"4":{"name":"saveRecommendationList","decl":{"start":{"line":36,"column":15},"end":{"line":36,"column":37}},"loc":{"start":{"line":36,"column":49},"end":{"line":40,"column":null}}},"5":{"name":"createRecommendationList","decl":{"start":{"line":43,"column":9},"end":{"line":43,"column":33}},"loc":{"start":{"line":43,"column":45},"end":{"line":52,"column":1}}},"6":{"name":"getRecommendationById","decl":{"start":{"line":55,"column":15},"end":{"line":55,"column":36}},"loc":{"start":{"line":55,"column":47},"end":{"line":60,"column":null}}}},"branchMap":{},"s":{"0":37,"1":45,"2":10,"3":10,"4":32,"5":32,"6":32,"7":3,"8":3,"9":27,"10":1,"11":1,"12":1,"13":10,"14":10,"15":1,"16":3,"17":3,"18":2},"f":{"0":37,"1":45,"2":10,"3":32,"4":3,"5":1,"6":3},"b":{}}
}
