TN:
SF:src/database.ts
FNF:0
FNH:0
DA:3,1
DA:5,1
LF:2
LH:2
BRF:0
BRH:0
end_of_record
TN:
SF:src/repositories/recommendationRepository.ts
FN:5,create
FN:19,findAll
FN:32,getAmountByScore
FN:41,getFindAllFilter
FN:57,find
FN:66,findByName
FN:75,updateScore
FN:87,remove
FN:96,reset
FNF:9
FNH:0
FNDA:0,create
FNDA:0,findAll
FNDA:0,getAmountByScore
FNDA:0,getFindAllFilter
FNDA:0,find
FNDA:0,findByName
FNDA:0,updateScore
FNDA:0,remove
FNDA:0,reset
DA:7,0
DA:9,0
DA:21,0
DA:23,0
DA:25,0
DA:33,0
DA:35,0
DA:45,0
DA:48,0
DA:50,0
DA:52,0
DA:59,0
DA:61,0
DA:68,0
DA:70,0
DA:77,0
DA:79,0
DA:89,0
DA:91,0
DA:98,0
DA:100,0
DA:103,1
LF:22
LH:1
BRDA:48,0,0,0
BRF:1
BRH:0
end_of_record
TN:
SF:src/services/recommendationsService.ts
FN:7,insert
FN:17,upvote
FN:22,downvote
FN:33,getByIdOrFail
FN:39,get
FN:44,getTop
FN:48,getRandom
FN:61,getByScore
FN:81,getScoreFilter
FN:88,reset
FNF:10
FNH:10
FNDA:2,insert
FNDA:2,upvote
FNDA:3,downvote
FNDA:7,getByIdOrFail
FNDA:1,get
FNDA:2,getTop
FNDA:5,getRandom
FNDA:5,getByScore
FNDA:5,getScoreFilter
FNDA:1,reset
DA:8,2
DA:11,2
DA:12,1
DA:14,1
DA:18,2
DA:19,1
DA:23,3
DA:24,2
DA:28,2
DA:29,1
DA:34,7
DA:35,7
DA:36,4
DA:40,1
DA:41,1
DA:45,2
DA:49,5
DA:50,5
DA:52,5
DA:53,5
DA:54,1
DA:57,4
DA:58,4
DA:62,5
DA:63,5
DA:68,5
DA:69,5
DA:73,5
DA:74,2
DA:77,3
DA:82,5
DA:83,2
DA:85,3
DA:89,1
DA:92,1
LF:35
LH:35
BRDA:11,0,0,1
BRDA:28,1,0,1
BRDA:35,2,0,3
BRDA:53,3,0,1
BRDA:73,4,0,2
BRDA:73,4,1,3
BRDA:82,5,0,2
BRF:7
BRH:7
end_of_record
TN:
SF:src/utils/errorUtils.ts
FN:7,isAppError
FN:11,errorTypeToStatusCode
FN:19,conflictError
FN:23,notFoundError
FN:27,unauthorizedError
FN:31,wrongSchemaError
FNF:6
FNH:2
FNDA:0,isAppError
FNDA:0,errorTypeToStatusCode
FNDA:2,conflictError
FNDA:8,notFoundError
FNDA:0,unauthorizedError
FNDA:0,wrongSchemaError
DA:8,0
DA:12,0
DA:13,0
DA:14,0
DA:15,0
DA:16,0
DA:20,2
DA:24,8
DA:28,0
DA:32,0
LF:10
LH:2
BRDA:12,0,0,0
BRDA:13,1,0,0
BRDA:14,2,0,0
BRDA:15,3,0,0
BRDA:20,4,0,2
BRDA:20,4,1,0
BRDA:20,5,0,2
BRDA:20,5,1,2
BRDA:24,6,0,0
BRDA:24,6,1,8
BRDA:24,7,0,8
BRDA:24,7,1,8
BRDA:28,8,0,0
BRDA:28,8,1,0
BRDA:28,9,0,0
BRDA:28,9,1,0
BRDA:32,10,0,0
BRDA:32,10,1,0
BRDA:32,11,0,0
BRDA:32,11,1,0
BRF:20
BRH:6
end_of_record
TN:
SF:tests/factories/recomendations.factory.ts
FN:3,createBody
FNF:1
FNH:1
FNDA:1,createBody
DA:4,1
DA:10,1
LF:2
LH:2
BRF:0
BRH:0
end_of_record
